<?xml version="1.0" encoding="UTF-8"?>
<!-- Generated by org.testng.reporters.JUnitXMLReporter -->
<testsuite ignored="0" hostname="LTIN509717" failures="0" tests="15" name="Test search in Edge" time="169.652" errors="0" timestamp="2024-04-03T08:34:47 IST">
  <testcase classname="testScenario.Global_IT" name="captureUserInfo" time="50.999"/>
  <testcase classname="testScenario.Global_IT" name="clickOnIT" time="5.64"/>
  <testcase classname="testScenario.Global_IT" name="exploreApps" time="34.358"/>
  <testcase classname="testScenario.Global_IT" name="validateApps" time="0.001"/>
  <testcase classname="testScenario.Global_IT" name="validateApps" time="0.0"/>
  <testcase classname="testScenario.Global_IT" name="validateApps" time="0.001"/>
  <testcase classname="testScenario.Global_IT" name="validateApps" time="0.001"/>
  <testcase classname="testScenario.Global_IT" name="validateApps" time="0.002"/>
  <testcase classname="testScenario.Global_IT" name="verifyNewsAvailability" time="0.996"/>
  <testcase classname="testScenario.Global_IT" name="verifyAwardsAvailability" time="0.281"/>
  <testcase classname="testScenario.Global_IT" name="displayNewsCount" time="0.123"/>
  <testcase classname="testScenario.Global_IT" name="validateNewsHeaderAndTooltip" time="0.451"/>
  <testcase classname="testScenario.Global_IT" name="displayAwards" time="15.607"/>
  <testcase classname="testScenario.Global_IT" name="displayAwards" time="16.477"/>
  <testcase classname="testScenario.Global_IT" name="displayAwards" time="16.324"/>
</testsuite> <!-- Test search in Edge -->
