<?xml version="1.0" encoding="UTF-8"?>
<!-- Generated by org.testng.reporters.JUnitXMLReporter -->
<testsuite ignored="0" hostname="LTIN509717" failures="0" tests="15" name="Test search in Chrome" time="194.49" errors="0" timestamp="2024-04-03T08:31:57 IST">
  <testcase classname="testScenario.Global_IT" name="captureUserInfo" time="52.248"/>
  <testcase classname="testScenario.Global_IT" name="clickOnIT" time="5.663"/>
  <testcase classname="testScenario.Global_IT" name="exploreApps" time="38.423"/>
  <testcase classname="testScenario.Global_IT" name="validateApps" time="0.011"/>
  <testcase classname="testScenario.Global_IT" name="validateApps" time="0.001"/>
  <testcase classname="testScenario.Global_IT" name="validateApps" time="0.001"/>
  <testcase classname="testScenario.Global_IT" name="validateApps" time="0.002"/>
  <testcase classname="testScenario.Global_IT" name="validateApps" time="0.002"/>
  <testcase classname="testScenario.Global_IT" name="verifyNewsAvailability" time="1.558"/>
  <testcase classname="testScenario.Global_IT" name="verifyAwardsAvailability" time="0.266"/>
  <testcase classname="testScenario.Global_IT" name="displayNewsCount" time="0.121"/>
  <testcase classname="testScenario.Global_IT" name="validateNewsHeaderAndTooltip" time="0.427"/>
  <testcase classname="testScenario.Global_IT" name="displayAwards" time="15.66"/>
  <testcase classname="testScenario.Global_IT" name="displayAwards" time="16.597"/>
  <testcase classname="testScenario.Global_IT" name="displayAwards" time="16.112"/>
</testsuite> <!-- Test search in Chrome -->
