<?xml version="1.0" encoding="UTF-8"?>
<!-- Generated by org.testng.reporters.JUnitXMLReporter -->
<testsuite ignored="0" hostname="LTIN509717" failures="0" tests="15" name="Test search in Edge" time="190.225" errors="0" timestamp="2024-04-02T15:32:53 IST">
  <testcase classname="testScenario.Global_IT" name="captureUserInfo" time="50.514"/>
  <testcase classname="testScenario.Global_IT" name="clickOnIT" time="21.159"/>
  <testcase classname="testScenario.Global_IT" name="exploreApps" time="41.791"/>
  <testcase classname="testScenario.Global_IT" name="validateApps" time="0.001"/>
  <testcase classname="testScenario.Global_IT" name="validateApps" time="0.0"/>
  <testcase classname="testScenario.Global_IT" name="validateApps" time="0.001"/>
  <testcase classname="testScenario.Global_IT" name="validateApps" time="0.001"/>
  <testcase classname="testScenario.Global_IT" name="validateApps" time="0.0"/>
  <testcase classname="testScenario.Global_IT" name="verifyNewsAvailability" time="1.627"/>
  <testcase classname="testScenario.Global_IT" name="verifyAwardsAvailability" time="0.295"/>
  <testcase classname="testScenario.Global_IT" name="displayNewsCount" time="0.183"/>
  <testcase classname="testScenario.Global_IT" name="validateNewsHeaderAndTooltip" time="0.432"/>
  <testcase classname="testScenario.Global_IT" name="displayAwards" time="16.955"/>
  <testcase classname="testScenario.Global_IT" name="displayAwards" time="16.223"/>
  <testcase classname="testScenario.Global_IT" name="displayAwards" time="16.2"/>
</testsuite> <!-- Test search in Edge -->
