<?xml version="1.0" encoding="UTF-8"?>
<!-- Generated by org.testng.reporters.JUnitXMLReporter -->
<testsuite ignored="0" hostname="LTIN509717" failures="0" tests="15" name="Test search in Chrome" time="168.63" errors="0" timestamp="2024-04-02T15:29:43 IST">
  <testcase classname="testScenario.Global_IT" name="captureUserInfo" time="51.484"/>
  <testcase classname="testScenario.Global_IT" name="clickOnIT" time="5.489"/>
  <testcase classname="testScenario.Global_IT" name="exploreApps" time="35.892"/>
  <testcase classname="testScenario.Global_IT" name="validateApps" time="0.012"/>
  <testcase classname="testScenario.Global_IT" name="validateApps" time="0.001"/>
  <testcase classname="testScenario.Global_IT" name="validateApps" time="0.002"/>
  <testcase classname="testScenario.Global_IT" name="validateApps" time="0.0"/>
  <testcase classname="testScenario.Global_IT" name="validateApps" time="0.0"/>
  <testcase classname="testScenario.Global_IT" name="verifyNewsAvailability" time="1.812"/>
  <testcase classname="testScenario.Global_IT" name="verifyAwardsAvailability" time="0.398"/>
  <testcase classname="testScenario.Global_IT" name="displayNewsCount" time="0.216"/>
  <testcase classname="testScenario.Global_IT" name="validateNewsHeaderAndTooltip" time="0.397"/>
  <testcase classname="testScenario.Global_IT" name="displayAwards" time="15.637"/>
  <testcase classname="testScenario.Global_IT" name="displayAwards" time="16.315"/>
  <testcase classname="testScenario.Global_IT" name="displayAwards" time="16.036"/>
</testsuite> <!-- Test search in Chrome -->
