<?xml version="1.0" encoding="UTF-8"?>
<testsuite xmlns:xsi="http://www.w3.org/2001/XMLSchema-instance" xsi:noNamespaceSchemaLocation="https://maven.apache.org/surefire/maven-surefire-plugin/xsd/surefire-test-report-3.0.xsd" version="3.0" name="TestSuite" time="359.99" tests="30" errors="0" skipped="0" failures="0">
  <properties>
[...]
</properties>
  <testcase name="captureUserInfo" classname="testScenario.Global_IT" time="51.495">
    <system-out><![CDATA[Chrome browser opened with the provided url
Report object Initialised
Bindu, Karempudi (Contractor)
2327132@cognizant.com
]]></system-out>
  </testcase>
  <testcase name="captureUserInfo" classname="testScenario.Global_IT" time="50.514">
    <system-out><![CDATA[Written the Report
Closed the browser
Edge browser opened with the provided url
Report object Initialised
Bindu, Karempudi (Contractor)
2327132@cognizant.com
]]></system-out>
    <system-err><![CDATA[Apr 02, 2024 3:29:49 PM org.openqa.selenium.devtools.CdpVersionFinder findNearestMatch
WARNING: Unable to find an exact match for CDP version 123, returning the closest version; found: 122; Please update to a Selenium version that supports CDP version 123
]]></system-err>
  </testcase>
  <testcase name="clickOnIT" classname="testScenario.Global_IT" time="5.487">
    <system-out><![CDATA[Written the Report
]]></system-out>
  </testcase>
  <testcase name="clickOnIT" classname="testScenario.Global_IT" time="21.159">
    <system-out><![CDATA[Written the Report
]]></system-out>
  </testcase>
  <testcase name="exploreApps" classname="testScenario.Global_IT" time="35.892">
    <system-out><![CDATA[Written the Report
]]></system-out>
  </testcase>
  <testcase name="exploreApps" classname="testScenario.Global_IT" time="41.789">
    <system-out><![CDATA[Written the Report
]]></system-out>
  </testcase>
  <testcase name="validateApps[IT Outage Alert, IT Outage Alerts](1)" classname="testScenario.Global_IT" time="0.012">
    <system-out><![CDATA[Written the Report
]]></system-out>
  </testcase>
  <testcase name="validateApps[IT Outage Alert, IT Outage Alerts](1)" classname="testScenario.Global_IT" time="0.0">
    <system-out><![CDATA[Written the Report
]]></system-out>
  </testcase>
  <testcase name="validateApps[Microsoft Teams, Microsoft Teams](2)" classname="testScenario.Global_IT" time="0.0">
    <system-out><![CDATA[Written the Report
]]></system-out>
  </testcase>
  <testcase name="validateApps[Microsoft Teams, Microsoft Teams](2)" classname="testScenario.Global_IT" time="0.0">
    <system-out><![CDATA[Written the Report
]]></system-out>
  </testcase>
  <testcase name="validateApps[One Drive, One Drive](3)" classname="testScenario.Global_IT" time="0.0">
    <system-out><![CDATA[Written the Report
]]></system-out>
  </testcase>
  <testcase name="validateApps[One Drive, One Drive](3)" classname="testScenario.Global_IT" time="0.0">
    <system-out><![CDATA[Written the Report
]]></system-out>
  </testcase>
  <testcase name="validateApps[Global IT Internal Events, Global IT Internal Events](4)" classname="testScenario.Global_IT" time="0.0">
    <system-out><![CDATA[Written the Report
]]></system-out>
  </testcase>
  <testcase name="validateApps[Global IT Internal Events, Global IT Internal Events](4)" classname="testScenario.Global_IT" time="0.0">
    <system-out><![CDATA[Written the Report
]]></system-out>
  </testcase>
  <testcase name="validateApps[Global Information Technology Documents, S&amp;T Policy Hub](5)" classname="testScenario.Global_IT" time="0.0">
    <system-out><![CDATA[Written the Report
]]></system-out>
  </testcase>
  <testcase name="validateApps[Global Information Technology Documents, S&amp;T Policy Hub](5)" classname="testScenario.Global_IT" time="0.0">
    <system-out><![CDATA[Written the Report
]]></system-out>
  </testcase>
  <testcase name="verifyNewsAvailability" classname="testScenario.Global_IT" time="1.809">
    <system-out><![CDATA[Written the Report
]]></system-out>
  </testcase>
  <testcase name="verifyNewsAvailability" classname="testScenario.Global_IT" time="1.625">
    <system-out><![CDATA[Written the Report
]]></system-out>
  </testcase>
  <testcase name="verifyAwardsAvailability" classname="testScenario.Global_IT" time="0.396">
    <system-out><![CDATA[Written the Report
]]></system-out>
  </testcase>
  <testcase name="verifyAwardsAvailability" classname="testScenario.Global_IT" time="0.294">
    <system-out><![CDATA[Written the Report
]]></system-out>
  </testcase>
  <testcase name="displayNewsCount" classname="testScenario.Global_IT" time="0.21">
    <system-out><![CDATA[Written the Report
12
]]></system-out>
  </testcase>
  <testcase name="displayNewsCount" classname="testScenario.Global_IT" time="0.181">
    <system-out><![CDATA[Written the Report
12
]]></system-out>
  </testcase>
  <testcase name="validateNewsHeaderAndTooltip" classname="testScenario.Global_IT" time="0.392">
    <system-out><![CDATA[Written the Report
]]></system-out>
  </testcase>
  <testcase name="validateNewsHeaderAndTooltip" classname="testScenario.Global_IT" time="0.429">
    <system-out><![CDATA[Written the Report
]]></system-out>
  </testcase>
  <testcase name="displayAwards[Rishabh Raj becomes EC Council Disaster Recovery Professional](1)" classname="testScenario.Global_IT" time="15.638">
    <system-out><![CDATA[Written the Report
Congratulations to Rishabh Raj, Sr. Business Analyst, from the IT Resilience Office for successfully completing an external certification - EC Council Disaster Recovery Professional (EDRP). The achievement has equipped him with extensive knowledge on the effective strategies for data backup, system redundancy, availability, and incident response. This would help the concerned team in effectively dealing with potential disasters and ensuring continuity to the critical IT applications.
]]></system-out>
  </testcase>
  <testcase name="displayAwards[Rishabh Raj becomes EC Council Disaster Recovery Professional](1)" classname="testScenario.Global_IT" time="16.955">
    <system-out><![CDATA[Written the Report
Congratulations to Rishabh Raj, Sr. Business Analyst, from the IT Resilience Office for successfully completing an external certification - EC Council Disaster Recovery Professional (EDRP). The achievement has equipped him with extensive knowledge on the effective strategies for data backup, system redundancy, availability, and incident response. This would help the concerned team in effectively dealing with potential disasters and ensuring continuity to the critical IT applications.
]]></system-out>
  </testcase>
  <testcase name="displayAwards[IT Team Wins Two Awards at the DevOps India Summit 2023](2)" classname="testScenario.Global_IT" time="16.313">
    <system-out><![CDATA[Written the Report
Congratulations to the IT team for winning the “DevSecOps Cultural Transformation Award” and the “Best Value Stream Management (VSM) Implementation Project” award at the prestigious DevOps India Summit 2023, organized by Xellentro.com.The honor was awarded for the best implementation of DevSecOps within IT, which transformed and optimized delivery excellence, customer satisfaction, and operational effectiveness. 
]]></system-out>
  </testcase>
  <testcase name="displayAwards[IT Team Wins Two Awards at the DevOps India Summit 2023](2)" classname="testScenario.Global_IT" time="16.202">
    <system-out><![CDATA[Written the Report
Congratulations to the IT team for winning the “DevSecOps Cultural Transformation Award” and the “Best Value Stream Management (VSM) Implementation Project” award at the prestigious DevOps India Summit 2023, organized by Xellentro.com.The honor was awarded for the best implementation of DevSecOps within IT, which transformed and optimized delivery excellence, customer satisfaction, and operational effectiveness. 
]]></system-out>
  </testcase>
  <testcase name="displayAwards[CInsights Wins the Prestigious Brandon Hall Award](3)" classname="testScenario.Global_IT" time="16.035">
    <system-out><![CDATA[Written the Report
Cognizant Analytical Marketplace aka CInsights, the home-grown innovative cloud-based analytical solution, has received the esteemed Brandon Hall Group Bronze award for the best advancement in business strategy and technology innovation.CInsights revolutionizes the process of discovering valuable information and insights by empowering both organizations and customers to effortlessly generate analytical reports and dashboards. It transforms data discovery and utilization through its unified digital experience.One of the differentiating features of CInsights is its unique Role Hierarchy Management System (RHMS), ensuring effective data protection, and streamlined workflows. This innovative solution not only provides a secure and centralized platform for organizations to access their reports, dashboards, metrics, and insights, but also facilitates seamless collaboration, while ensuring that analytical assets are up to date and readily accessible. Read more about CInsights on Video - CInsights | Cognizant Academy (kpoint.com).
  
]]></system-out>
  </testcase>
  <testcase name="displayAwards[CInsights Wins the Prestigious Brandon Hall Award](3)" classname="testScenario.Global_IT" time="16.199">
    <system-out><![CDATA[Written the Report
Cognizant Analytical Marketplace aka CInsights, the home-grown innovative cloud-based analytical solution, has received the esteemed Brandon Hall Group Bronze award for the best advancement in business strategy and technology innovation.CInsights revolutionizes the process of discovering valuable information and insights by empowering both organizations and customers to effortlessly generate analytical reports and dashboards. It transforms data discovery and utilization through its unified digital experience.One of the differentiating features of CInsights is its unique Role Hierarchy Management System (RHMS), ensuring effective data protection, and streamlined workflows. This innovative solution not only provides a secure and centralized platform for organizations to access their reports, dashboards, metrics, and insights, but also facilitates seamless collaboration, while ensuring that analytical assets are up to date and readily accessible. Read more about CInsights on Video - CInsights | Cognizant Academy (kpoint.com).
  
]]></system-out>
  </testcase>
</testsuite>