<?xml version="1.0" encoding="UTF-8"?>
<testng-results ignored="0" total="30" passed="30" failed="0" skipped="0">
  <reporter-output>
  </reporter-output>
  <suite started-at="2024-04-03T08:28:42 IST" name="Suite" finished-at="2024-04-03T08:34:47 IST" duration-ms="364183">
    <groups>
    </groups>
    <test started-at="2024-04-03T08:28:42 IST" name="Test search in Chrome" finished-at="2024-04-03T08:31:57 IST" duration-ms="194490">
      <class name="testScenario.Global_IT">
        <test-method is-config="true" signature="driverConfig(java.lang.String)[pri:0, instance:testScenario.Global_IT@6b9ce1bf]" started-at="2024-04-03T08:28:43 IST" name="driverConfig" finished-at="2024-04-03T08:29:09 IST" duration-ms="26431" status="PASS">
          <params>
            <param index="0">
              <value>
                <![CDATA[Chrome]]>
              </value>
            </param>
          </params>
          <reporter-output>
          </reporter-output>
        </test-method> <!-- driverConfig -->
        <test-method signature="captureUserInfo()[pri:0, instance:testScenario.Global_IT@6b9ce1bf]" started-at="2024-04-03T08:29:09 IST" name="captureUserInfo" finished-at="2024-04-03T08:30:01 IST" duration-ms="52248" status="PASS">
          <reporter-output>
          </reporter-output>
        </test-method> <!-- captureUserInfo -->
        <test-method is-config="true" signature="getResult(org.testng.ITestResult)[pri:0, instance:testScenario.Global_IT@6b9ce1bf]" started-at="2024-04-03T08:30:01 IST" name="getResult" finished-at="2024-04-03T08:30:02 IST" duration-ms="481" status="PASS">
          <params>
            <param index="0">
              <value>
                <![CDATA[[TestResult name=captureUserInfo status=SUCCESS method=Global_IT.captureUserInfo()[pri:0, instance:testScenario.Global_IT@6b9ce1bf] output={null}]]]>
              </value>
            </param>
          </params>
          <reporter-output>
          </reporter-output>
        </test-method> <!-- getResult -->
        <test-method is-config="true" signature="endReport()[pri:0, instance:testScenario.Global_IT@6b9ce1bf]" started-at="2024-04-03T08:30:02 IST" name="endReport" finished-at="2024-04-03T08:30:02 IST" depends-on-methods="testScenario.Global_IT.getResult" duration-ms="583" status="PASS">
          <reporter-output>
          </reporter-output>
        </test-method> <!-- endReport -->
        <test-method signature="clickOnIT()[pri:1, instance:testScenario.Global_IT@6b9ce1bf]" started-at="2024-04-03T08:30:02 IST" name="clickOnIT" finished-at="2024-04-03T08:30:08 IST" duration-ms="5663" status="PASS">
          <reporter-output>
          </reporter-output>
        </test-method> <!-- clickOnIT -->
        <test-method is-config="true" signature="getResult(org.testng.ITestResult)[pri:0, instance:testScenario.Global_IT@6b9ce1bf]" started-at="2024-04-03T08:30:08 IST" name="getResult" finished-at="2024-04-03T08:30:12 IST" duration-ms="4053" status="PASS">
          <params>
            <param index="0">
              <value>
                <![CDATA[[TestResult name=clickOnIT status=SUCCESS method=Global_IT.clickOnIT()[pri:1, instance:testScenario.Global_IT@6b9ce1bf] output={null}]]]>
              </value>
            </param>
          </params>
          <reporter-output>
          </reporter-output>
        </test-method> <!-- getResult -->
        <test-method is-config="true" signature="endReport()[pri:0, instance:testScenario.Global_IT@6b9ce1bf]" started-at="2024-04-03T08:30:12 IST" name="endReport" finished-at="2024-04-03T08:30:12 IST" depends-on-methods="testScenario.Global_IT.getResult" duration-ms="63" status="PASS">
          <reporter-output>
          </reporter-output>
        </test-method> <!-- endReport -->
        <test-method signature="exploreApps()[pri:2, instance:testScenario.Global_IT@6b9ce1bf]" started-at="2024-04-03T08:30:12 IST" name="exploreApps" finished-at="2024-04-03T08:30:51 IST" duration-ms="38423" status="PASS">
          <reporter-output>
          </reporter-output>
        </test-method> <!-- exploreApps -->
        <test-method is-config="true" signature="getResult(org.testng.ITestResult)[pri:0, instance:testScenario.Global_IT@6b9ce1bf]" started-at="2024-04-03T08:30:51 IST" name="getResult" finished-at="2024-04-03T08:30:51 IST" duration-ms="267" status="PASS">
          <params>
            <param index="0">
              <value>
                <![CDATA[[TestResult name=exploreApps status=SUCCESS method=Global_IT.exploreApps()[pri:2, instance:testScenario.Global_IT@6b9ce1bf] output={null}]]]>
              </value>
            </param>
          </params>
          <reporter-output>
          </reporter-output>
        </test-method> <!-- getResult -->
        <test-method is-config="true" signature="endReport()[pri:0, instance:testScenario.Global_IT@6b9ce1bf]" started-at="2024-04-03T08:30:51 IST" name="endReport" finished-at="2024-04-03T08:30:51 IST" depends-on-methods="testScenario.Global_IT.getResult" duration-ms="37" status="PASS">
          <reporter-output>
          </reporter-output>
        </test-method> <!-- endReport -->
        <test-method signature="validateApps(java.lang.String,java.lang.String)[pri:3, instance:testScenario.Global_IT@6b9ce1bf]" started-at="2024-04-03T08:30:52 IST" name="validateApps" data-provider="titles" finished-at="2024-04-03T08:30:52 IST" duration-ms="11" status="PASS">
          <params>
            <param index="0">
              <value>
                <![CDATA[IT Outage Alert]]>
              </value>
            </param>
            <param index="1">
              <value>
                <![CDATA[IT Outage Alerts]]>
              </value>
            </param>
          </params>
          <reporter-output>
          </reporter-output>
        </test-method> <!-- validateApps -->
        <test-method is-config="true" signature="getResult(org.testng.ITestResult)[pri:0, instance:testScenario.Global_IT@6b9ce1bf]" started-at="2024-04-03T08:30:52 IST" name="getResult" finished-at="2024-04-03T08:30:52 IST" duration-ms="479" status="PASS">
          <params>
            <param index="0">
              <value>
                <![CDATA[[TestResult name=validateApps status=SUCCESS method=Global_IT.validateApps(java.lang.String,java.lang.String)[pri:3, instance:testScenario.Global_IT@6b9ce1bf] output={null}]]]>
              </value>
            </param>
          </params>
          <reporter-output>
          </reporter-output>
        </test-method> <!-- getResult -->
        <test-method is-config="true" signature="endReport()[pri:0, instance:testScenario.Global_IT@6b9ce1bf]" started-at="2024-04-03T08:30:52 IST" name="endReport" finished-at="2024-04-03T08:30:52 IST" depends-on-methods="testScenario.Global_IT.getResult" duration-ms="14" status="PASS">
          <reporter-output>
          </reporter-output>
        </test-method> <!-- endReport -->
        <test-method signature="validateApps(java.lang.String,java.lang.String)[pri:3, instance:testScenario.Global_IT@6b9ce1bf]" started-at="2024-04-03T08:30:52 IST" name="validateApps" data-provider="titles" finished-at="2024-04-03T08:30:52 IST" duration-ms="1" status="PASS">
          <params>
            <param index="0">
              <value>
                <![CDATA[Microsoft Teams]]>
              </value>
            </param>
            <param index="1">
              <value>
                <![CDATA[Microsoft Teams]]>
              </value>
            </param>
          </params>
          <reporter-output>
          </reporter-output>
        </test-method> <!-- validateApps -->
        <test-method is-config="true" signature="getResult(org.testng.ITestResult)[pri:0, instance:testScenario.Global_IT@6b9ce1bf]" started-at="2024-04-03T08:30:52 IST" name="getResult" finished-at="2024-04-03T08:30:52 IST" duration-ms="337" status="PASS">
          <params>
            <param index="0">
              <value>
                <![CDATA[[TestResult name=validateApps status=SUCCESS method=Global_IT.validateApps(java.lang.String,java.lang.String)[pri:3, instance:testScenario.Global_IT@6b9ce1bf] output={null}]]]>
              </value>
            </param>
          </params>
          <reporter-output>
          </reporter-output>
        </test-method> <!-- getResult -->
        <test-method is-config="true" signature="endReport()[pri:0, instance:testScenario.Global_IT@6b9ce1bf]" started-at="2024-04-03T08:30:52 IST" name="endReport" finished-at="2024-04-03T08:30:52 IST" depends-on-methods="testScenario.Global_IT.getResult" duration-ms="13" status="PASS">
          <reporter-output>
          </reporter-output>
        </test-method> <!-- endReport -->
        <test-method signature="validateApps(java.lang.String,java.lang.String)[pri:3, instance:testScenario.Global_IT@6b9ce1bf]" started-at="2024-04-03T08:30:52 IST" name="validateApps" data-provider="titles" finished-at="2024-04-03T08:30:52 IST" duration-ms="1" status="PASS">
          <params>
            <param index="0">
              <value>
                <![CDATA[One Drive]]>
              </value>
            </param>
            <param index="1">
              <value>
                <![CDATA[One Drive]]>
              </value>
            </param>
          </params>
          <reporter-output>
          </reporter-output>
        </test-method> <!-- validateApps -->
        <test-method is-config="true" signature="getResult(org.testng.ITestResult)[pri:0, instance:testScenario.Global_IT@6b9ce1bf]" started-at="2024-04-03T08:30:52 IST" name="getResult" finished-at="2024-04-03T08:30:53 IST" duration-ms="210" status="PASS">
          <params>
            <param index="0">
              <value>
                <![CDATA[[TestResult name=validateApps status=SUCCESS method=Global_IT.validateApps(java.lang.String,java.lang.String)[pri:3, instance:testScenario.Global_IT@6b9ce1bf] output={null}]]]>
              </value>
            </param>
          </params>
          <reporter-output>
          </reporter-output>
        </test-method> <!-- getResult -->
        <test-method is-config="true" signature="endReport()[pri:0, instance:testScenario.Global_IT@6b9ce1bf]" started-at="2024-04-03T08:30:53 IST" name="endReport" finished-at="2024-04-03T08:30:53 IST" depends-on-methods="testScenario.Global_IT.getResult" duration-ms="16" status="PASS">
          <reporter-output>
          </reporter-output>
        </test-method> <!-- endReport -->
        <test-method signature="validateApps(java.lang.String,java.lang.String)[pri:3, instance:testScenario.Global_IT@6b9ce1bf]" started-at="2024-04-03T08:30:53 IST" name="validateApps" data-provider="titles" finished-at="2024-04-03T08:30:53 IST" duration-ms="2" status="PASS">
          <params>
            <param index="0">
              <value>
                <![CDATA[Global IT Internal Events]]>
              </value>
            </param>
            <param index="1">
              <value>
                <![CDATA[Global IT Internal Events]]>
              </value>
            </param>
          </params>
          <reporter-output>
          </reporter-output>
        </test-method> <!-- validateApps -->
        <test-method is-config="true" signature="getResult(org.testng.ITestResult)[pri:0, instance:testScenario.Global_IT@6b9ce1bf]" started-at="2024-04-03T08:30:53 IST" name="getResult" finished-at="2024-04-03T08:30:53 IST" duration-ms="220" status="PASS">
          <params>
            <param index="0">
              <value>
                <![CDATA[[TestResult name=validateApps status=SUCCESS method=Global_IT.validateApps(java.lang.String,java.lang.String)[pri:3, instance:testScenario.Global_IT@6b9ce1bf] output={null}]]]>
              </value>
            </param>
          </params>
          <reporter-output>
          </reporter-output>
        </test-method> <!-- getResult -->
        <test-method is-config="true" signature="endReport()[pri:0, instance:testScenario.Global_IT@6b9ce1bf]" started-at="2024-04-03T08:30:53 IST" name="endReport" finished-at="2024-04-03T08:30:53 IST" depends-on-methods="testScenario.Global_IT.getResult" duration-ms="10" status="PASS">
          <reporter-output>
          </reporter-output>
        </test-method> <!-- endReport -->
        <test-method signature="validateApps(java.lang.String,java.lang.String)[pri:3, instance:testScenario.Global_IT@6b9ce1bf]" started-at="2024-04-03T08:30:53 IST" name="validateApps" data-provider="titles" finished-at="2024-04-03T08:30:53 IST" duration-ms="2" status="PASS">
          <params>
            <param index="0">
              <value>
                <![CDATA[Global Information Technology Documents]]>
              </value>
            </param>
            <param index="1">
              <value>
                <![CDATA[S&T Policy Hub]]>
              </value>
            </param>
          </params>
          <reporter-output>
          </reporter-output>
        </test-method> <!-- validateApps -->
        <test-method is-config="true" signature="getResult(org.testng.ITestResult)[pri:0, instance:testScenario.Global_IT@6b9ce1bf]" started-at="2024-04-03T08:30:53 IST" name="getResult" finished-at="2024-04-03T08:30:53 IST" duration-ms="195" status="PASS">
          <params>
            <param index="0">
              <value>
                <![CDATA[[TestResult name=validateApps status=SUCCESS method=Global_IT.validateApps(java.lang.String,java.lang.String)[pri:3, instance:testScenario.Global_IT@6b9ce1bf] output={null}]]]>
              </value>
            </param>
          </params>
          <reporter-output>
          </reporter-output>
        </test-method> <!-- getResult -->
        <test-method is-config="true" signature="endReport()[pri:0, instance:testScenario.Global_IT@6b9ce1bf]" started-at="2024-04-03T08:30:53 IST" name="endReport" finished-at="2024-04-03T08:30:53 IST" depends-on-methods="testScenario.Global_IT.getResult" duration-ms="12" status="PASS">
          <reporter-output>
          </reporter-output>
        </test-method> <!-- endReport -->
        <test-method signature="verifyNewsAvailability()[pri:4, instance:testScenario.Global_IT@6b9ce1bf]" started-at="2024-04-03T08:30:53 IST" name="verifyNewsAvailability" finished-at="2024-04-03T08:30:55 IST" duration-ms="1558" status="PASS">
          <reporter-output>
          </reporter-output>
        </test-method> <!-- verifyNewsAvailability -->
        <test-method is-config="true" signature="getResult(org.testng.ITestResult)[pri:0, instance:testScenario.Global_IT@6b9ce1bf]" started-at="2024-04-03T08:30:55 IST" name="getResult" finished-at="2024-04-03T08:30:55 IST" duration-ms="455" status="PASS">
          <params>
            <param index="0">
              <value>
                <![CDATA[[TestResult name=verifyNewsAvailability status=SUCCESS method=Global_IT.verifyNewsAvailability()[pri:4, instance:testScenario.Global_IT@6b9ce1bf] output={null}]]]>
              </value>
            </param>
          </params>
          <reporter-output>
          </reporter-output>
        </test-method> <!-- getResult -->
        <test-method is-config="true" signature="endReport()[pri:0, instance:testScenario.Global_IT@6b9ce1bf]" started-at="2024-04-03T08:30:55 IST" name="endReport" finished-at="2024-04-03T08:30:55 IST" depends-on-methods="testScenario.Global_IT.getResult" duration-ms="17" status="PASS">
          <reporter-output>
          </reporter-output>
        </test-method> <!-- endReport -->
        <test-method signature="verifyAwardsAvailability()[pri:5, instance:testScenario.Global_IT@6b9ce1bf]" started-at="2024-04-03T08:30:55 IST" name="verifyAwardsAvailability" finished-at="2024-04-03T08:30:55 IST" duration-ms="266" status="PASS">
          <reporter-output>
          </reporter-output>
        </test-method> <!-- verifyAwardsAvailability -->
        <test-method is-config="true" signature="getResult(org.testng.ITestResult)[pri:0, instance:testScenario.Global_IT@6b9ce1bf]" started-at="2024-04-03T08:30:55 IST" name="getResult" finished-at="2024-04-03T08:30:56 IST" duration-ms="148" status="PASS">
          <params>
            <param index="0">
              <value>
                <![CDATA[[TestResult name=verifyAwardsAvailability status=SUCCESS method=Global_IT.verifyAwardsAvailability()[pri:5, instance:testScenario.Global_IT@6b9ce1bf] output={null}]]]>
              </value>
            </param>
          </params>
          <reporter-output>
          </reporter-output>
        </test-method> <!-- getResult -->
        <test-method is-config="true" signature="endReport()[pri:0, instance:testScenario.Global_IT@6b9ce1bf]" started-at="2024-04-03T08:30:56 IST" name="endReport" finished-at="2024-04-03T08:30:56 IST" depends-on-methods="testScenario.Global_IT.getResult" duration-ms="11" status="PASS">
          <reporter-output>
          </reporter-output>
        </test-method> <!-- endReport -->
        <test-method signature="displayNewsCount()[pri:6, instance:testScenario.Global_IT@6b9ce1bf]" started-at="2024-04-03T08:30:56 IST" name="displayNewsCount" finished-at="2024-04-03T08:30:56 IST" duration-ms="121" status="PASS">
          <reporter-output>
          </reporter-output>
        </test-method> <!-- displayNewsCount -->
        <test-method is-config="true" signature="getResult(org.testng.ITestResult)[pri:0, instance:testScenario.Global_IT@6b9ce1bf]" started-at="2024-04-03T08:30:56 IST" name="getResult" finished-at="2024-04-03T08:30:56 IST" duration-ms="248" status="PASS">
          <params>
            <param index="0">
              <value>
                <![CDATA[[TestResult name=displayNewsCount status=SUCCESS method=Global_IT.displayNewsCount()[pri:6, instance:testScenario.Global_IT@6b9ce1bf] output={null}]]]>
              </value>
            </param>
          </params>
          <reporter-output>
          </reporter-output>
        </test-method> <!-- getResult -->
        <test-method is-config="true" signature="endReport()[pri:0, instance:testScenario.Global_IT@6b9ce1bf]" started-at="2024-04-03T08:30:56 IST" name="endReport" finished-at="2024-04-03T08:30:56 IST" depends-on-methods="testScenario.Global_IT.getResult" duration-ms="40" status="PASS">
          <reporter-output>
          </reporter-output>
        </test-method> <!-- endReport -->
        <test-method signature="validateNewsHeaderAndTooltip()[pri:7, instance:testScenario.Global_IT@6b9ce1bf]" started-at="2024-04-03T08:30:56 IST" name="validateNewsHeaderAndTooltip" finished-at="2024-04-03T08:30:56 IST" duration-ms="427" status="PASS">
          <reporter-output>
          </reporter-output>
        </test-method> <!-- validateNewsHeaderAndTooltip -->
        <test-method is-config="true" signature="getResult(org.testng.ITestResult)[pri:0, instance:testScenario.Global_IT@6b9ce1bf]" started-at="2024-04-03T08:30:56 IST" name="getResult" finished-at="2024-04-03T08:30:57 IST" duration-ms="249" status="PASS">
          <params>
            <param index="0">
              <value>
                <![CDATA[[TestResult name=validateNewsHeaderAndTooltip status=SUCCESS method=Global_IT.validateNewsHeaderAndTooltip()[pri:7, instance:testScenario.Global_IT@6b9ce1bf] output={null}]]]>
              </value>
            </param>
          </params>
          <reporter-output>
          </reporter-output>
        </test-method> <!-- getResult -->
        <test-method is-config="true" signature="endReport()[pri:0, instance:testScenario.Global_IT@6b9ce1bf]" started-at="2024-04-03T08:30:57 IST" name="endReport" finished-at="2024-04-03T08:30:57 IST" depends-on-methods="testScenario.Global_IT.getResult" duration-ms="9" status="PASS">
          <reporter-output>
          </reporter-output>
        </test-method> <!-- endReport -->
        <test-method signature="displayAwards(java.lang.String)[pri:8, instance:testScenario.Global_IT@6b9ce1bf]" started-at="2024-04-03T08:30:57 IST" name="displayAwards" data-provider="awards" finished-at="2024-04-03T08:31:12 IST" duration-ms="15660" status="PASS">
          <params>
            <param index="0">
              <value>
                <![CDATA[Rishabh Raj becomes EC Council Disaster Recovery Professional]]>
              </value>
            </param>
          </params>
          <reporter-output>
          </reporter-output>
        </test-method> <!-- displayAwards -->
        <test-method is-config="true" signature="getResult(org.testng.ITestResult)[pri:0, instance:testScenario.Global_IT@6b9ce1bf]" started-at="2024-04-03T08:31:12 IST" name="getResult" finished-at="2024-04-03T08:31:13 IST" duration-ms="175" status="PASS">
          <params>
            <param index="0">
              <value>
                <![CDATA[[TestResult name=displayAwards status=SUCCESS method=Global_IT.displayAwards(java.lang.String)[pri:8, instance:testScenario.Global_IT@6b9ce1bf] output={null}]]]>
              </value>
            </param>
          </params>
          <reporter-output>
          </reporter-output>
        </test-method> <!-- getResult -->
        <test-method is-config="true" signature="endReport()[pri:0, instance:testScenario.Global_IT@6b9ce1bf]" started-at="2024-04-03T08:31:13 IST" name="endReport" finished-at="2024-04-03T08:31:13 IST" depends-on-methods="testScenario.Global_IT.getResult" duration-ms="18" status="PASS">
          <reporter-output>
          </reporter-output>
        </test-method> <!-- endReport -->
        <test-method signature="displayAwards(java.lang.String)[pri:8, instance:testScenario.Global_IT@6b9ce1bf]" started-at="2024-04-03T08:31:13 IST" name="displayAwards" data-provider="awards" finished-at="2024-04-03T08:31:29 IST" duration-ms="16597" status="PASS">
          <params>
            <param index="0">
              <value>
                <![CDATA[IT Team Wins Two Awards at the DevOps India Summit 2023]]>
              </value>
            </param>
          </params>
          <reporter-output>
          </reporter-output>
        </test-method> <!-- displayAwards -->
        <test-method is-config="true" signature="getResult(org.testng.ITestResult)[pri:0, instance:testScenario.Global_IT@6b9ce1bf]" started-at="2024-04-03T08:31:29 IST" name="getResult" finished-at="2024-04-03T08:31:29 IST" duration-ms="179" status="PASS">
          <params>
            <param index="0">
              <value>
                <![CDATA[[TestResult name=displayAwards status=SUCCESS method=Global_IT.displayAwards(java.lang.String)[pri:8, instance:testScenario.Global_IT@6b9ce1bf] output={null}]]]>
              </value>
            </param>
          </params>
          <reporter-output>
          </reporter-output>
        </test-method> <!-- getResult -->
        <test-method is-config="true" signature="endReport()[pri:0, instance:testScenario.Global_IT@6b9ce1bf]" started-at="2024-04-03T08:31:29 IST" name="endReport" finished-at="2024-04-03T08:31:29 IST" depends-on-methods="testScenario.Global_IT.getResult" duration-ms="19" status="PASS">
          <reporter-output>
          </reporter-output>
        </test-method> <!-- endReport -->
        <test-method signature="displayAwards(java.lang.String)[pri:8, instance:testScenario.Global_IT@6b9ce1bf]" started-at="2024-04-03T08:31:29 IST" name="displayAwards" data-provider="awards" finished-at="2024-04-03T08:31:46 IST" duration-ms="16112" status="PASS">
          <params>
            <param index="0">
              <value>
                <![CDATA[CInsights Wins the Prestigious Brandon Hall Award]]>
              </value>
            </param>
          </params>
          <reporter-output>
          </reporter-output>
        </test-method> <!-- displayAwards -->
        <test-method is-config="true" signature="getResult(org.testng.ITestResult)[pri:0, instance:testScenario.Global_IT@6b9ce1bf]" started-at="2024-04-03T08:31:46 IST" name="getResult" finished-at="2024-04-03T08:31:46 IST" duration-ms="177" status="PASS">
          <params>
            <param index="0">
              <value>
                <![CDATA[[TestResult name=displayAwards status=SUCCESS method=Global_IT.displayAwards(java.lang.String)[pri:8, instance:testScenario.Global_IT@6b9ce1bf] output={null}]]]>
              </value>
            </param>
          </params>
          <reporter-output>
          </reporter-output>
        </test-method> <!-- getResult -->
        <test-method is-config="true" signature="endReport()[pri:0, instance:testScenario.Global_IT@6b9ce1bf]" started-at="2024-04-03T08:31:46 IST" name="endReport" finished-at="2024-04-03T08:31:46 IST" depends-on-methods="testScenario.Global_IT.getResult" duration-ms="17" status="PASS">
          <reporter-output>
          </reporter-output>
        </test-method> <!-- endReport -->
        <test-method is-config="true" signature="closeBrowser()[pri:0, instance:testScenario.Global_IT@6b9ce1bf]" started-at="2024-04-03T08:31:46 IST" name="closeBrowser" finished-at="2024-04-03T08:31:57 IST" duration-ms="11248" status="PASS">
          <reporter-output>
          </reporter-output>
        </test-method> <!-- closeBrowser -->
      </class> <!-- testScenario.Global_IT -->
    </test> <!-- Test search in Chrome -->
    <test started-at="2024-04-03T08:31:57 IST" name="Test search in Edge" finished-at="2024-04-03T08:34:47 IST" duration-ms="169652">
      <class name="testScenario.Global_IT">
        <test-method is-config="true" signature="driverConfig(java.lang.String)[pri:0, instance:testScenario.Global_IT@73db4768]" started-at="2024-04-03T08:31:57 IST" name="driverConfig" finished-at="2024-04-03T08:32:07 IST" duration-ms="10142" status="PASS">
          <params>
            <param index="0">
              <value>
                <![CDATA[Edge]]>
              </value>
            </param>
          </params>
          <reporter-output>
          </reporter-output>
        </test-method> <!-- driverConfig -->
        <test-method signature="captureUserInfo()[pri:0, instance:testScenario.Global_IT@73db4768]" started-at="2024-04-03T08:32:07 IST" name="captureUserInfo" finished-at="2024-04-03T08:32:58 IST" duration-ms="50999" status="PASS">
          <reporter-output>
          </reporter-output>
        </test-method> <!-- captureUserInfo -->
        <test-method is-config="true" signature="getResult(org.testng.ITestResult)[pri:0, instance:testScenario.Global_IT@73db4768]" started-at="2024-04-03T08:32:58 IST" name="getResult" finished-at="2024-04-03T08:32:59 IST" duration-ms="544" status="PASS">
          <params>
            <param index="0">
              <value>
                <![CDATA[[TestResult name=captureUserInfo status=SUCCESS method=Global_IT.captureUserInfo()[pri:0, instance:testScenario.Global_IT@73db4768] output={null}]]]>
              </value>
            </param>
          </params>
          <reporter-output>
          </reporter-output>
        </test-method> <!-- getResult -->
        <test-method is-config="true" signature="endReport()[pri:0, instance:testScenario.Global_IT@73db4768]" started-at="2024-04-03T08:32:59 IST" name="endReport" finished-at="2024-04-03T08:32:59 IST" depends-on-methods="testScenario.Global_IT.getResult" duration-ms="114" status="PASS">
          <reporter-output>
          </reporter-output>
        </test-method> <!-- endReport -->
        <test-method signature="clickOnIT()[pri:1, instance:testScenario.Global_IT@73db4768]" started-at="2024-04-03T08:32:59 IST" name="clickOnIT" finished-at="2024-04-03T08:33:04 IST" duration-ms="5640" status="PASS">
          <reporter-output>
          </reporter-output>
        </test-method> <!-- clickOnIT -->
        <test-method is-config="true" signature="getResult(org.testng.ITestResult)[pri:0, instance:testScenario.Global_IT@73db4768]" started-at="2024-04-03T08:33:04 IST" name="getResult" finished-at="2024-04-03T08:33:07 IST" duration-ms="2965" status="PASS">
          <params>
            <param index="0">
              <value>
                <![CDATA[[TestResult name=clickOnIT status=SUCCESS method=Global_IT.clickOnIT()[pri:1, instance:testScenario.Global_IT@73db4768] output={null}]]]>
              </value>
            </param>
          </params>
          <reporter-output>
          </reporter-output>
        </test-method> <!-- getResult -->
        <test-method is-config="true" signature="endReport()[pri:0, instance:testScenario.Global_IT@73db4768]" started-at="2024-04-03T08:33:07 IST" name="endReport" finished-at="2024-04-03T08:33:07 IST" depends-on-methods="testScenario.Global_IT.getResult" duration-ms="17" status="PASS">
          <reporter-output>
          </reporter-output>
        </test-method> <!-- endReport -->
        <test-method signature="exploreApps()[pri:2, instance:testScenario.Global_IT@73db4768]" started-at="2024-04-03T08:33:07 IST" name="exploreApps" finished-at="2024-04-03T08:33:42 IST" duration-ms="34358" status="PASS">
          <reporter-output>
          </reporter-output>
        </test-method> <!-- exploreApps -->
        <test-method is-config="true" signature="getResult(org.testng.ITestResult)[pri:0, instance:testScenario.Global_IT@73db4768]" started-at="2024-04-03T08:33:42 IST" name="getResult" finished-at="2024-04-03T08:33:42 IST" duration-ms="204" status="PASS">
          <params>
            <param index="0">
              <value>
                <![CDATA[[TestResult name=exploreApps status=SUCCESS method=Global_IT.exploreApps()[pri:2, instance:testScenario.Global_IT@73db4768] output={null}]]]>
              </value>
            </param>
          </params>
          <reporter-output>
          </reporter-output>
        </test-method> <!-- getResult -->
        <test-method is-config="true" signature="endReport()[pri:0, instance:testScenario.Global_IT@73db4768]" started-at="2024-04-03T08:33:42 IST" name="endReport" finished-at="2024-04-03T08:33:42 IST" depends-on-methods="testScenario.Global_IT.getResult" duration-ms="12" status="PASS">
          <reporter-output>
          </reporter-output>
        </test-method> <!-- endReport -->
        <test-method signature="validateApps(java.lang.String,java.lang.String)[pri:3, instance:testScenario.Global_IT@73db4768]" started-at="2024-04-03T08:33:42 IST" name="validateApps" data-provider="titles" finished-at="2024-04-03T08:33:42 IST" duration-ms="1" status="PASS">
          <params>
            <param index="0">
              <value>
                <![CDATA[IT Outage Alert]]>
              </value>
            </param>
            <param index="1">
              <value>
                <![CDATA[IT Outage Alerts]]>
              </value>
            </param>
          </params>
          <reporter-output>
          </reporter-output>
        </test-method> <!-- validateApps -->
        <test-method is-config="true" signature="getResult(org.testng.ITestResult)[pri:0, instance:testScenario.Global_IT@73db4768]" started-at="2024-04-03T08:33:42 IST" name="getResult" finished-at="2024-04-03T08:33:42 IST" duration-ms="160" status="PASS">
          <params>
            <param index="0">
              <value>
                <![CDATA[[TestResult name=validateApps status=SUCCESS method=Global_IT.validateApps(java.lang.String,java.lang.String)[pri:3, instance:testScenario.Global_IT@73db4768] output={null}]]]>
              </value>
            </param>
          </params>
          <reporter-output>
          </reporter-output>
        </test-method> <!-- getResult -->
        <test-method is-config="true" signature="endReport()[pri:0, instance:testScenario.Global_IT@73db4768]" started-at="2024-04-03T08:33:42 IST" name="endReport" finished-at="2024-04-03T08:33:42 IST" depends-on-methods="testScenario.Global_IT.getResult" duration-ms="3" status="PASS">
          <reporter-output>
          </reporter-output>
        </test-method> <!-- endReport -->
        <test-method signature="validateApps(java.lang.String,java.lang.String)[pri:3, instance:testScenario.Global_IT@73db4768]" started-at="2024-04-03T08:33:42 IST" name="validateApps" data-provider="titles" finished-at="2024-04-03T08:33:42 IST" duration-ms="0" status="PASS">
          <params>
            <param index="0">
              <value>
                <![CDATA[Microsoft Teams]]>
              </value>
            </param>
            <param index="1">
              <value>
                <![CDATA[Microsoft Teams]]>
              </value>
            </param>
          </params>
          <reporter-output>
          </reporter-output>
        </test-method> <!-- validateApps -->
        <test-method is-config="true" signature="getResult(org.testng.ITestResult)[pri:0, instance:testScenario.Global_IT@73db4768]" started-at="2024-04-03T08:33:42 IST" name="getResult" finished-at="2024-04-03T08:33:43 IST" duration-ms="166" status="PASS">
          <params>
            <param index="0">
              <value>
                <![CDATA[[TestResult name=validateApps status=SUCCESS method=Global_IT.validateApps(java.lang.String,java.lang.String)[pri:3, instance:testScenario.Global_IT@73db4768] output={null}]]]>
              </value>
            </param>
          </params>
          <reporter-output>
          </reporter-output>
        </test-method> <!-- getResult -->
        <test-method is-config="true" signature="endReport()[pri:0, instance:testScenario.Global_IT@73db4768]" started-at="2024-04-03T08:33:43 IST" name="endReport" finished-at="2024-04-03T08:33:43 IST" depends-on-methods="testScenario.Global_IT.getResult" duration-ms="4" status="PASS">
          <reporter-output>
          </reporter-output>
        </test-method> <!-- endReport -->
        <test-method signature="validateApps(java.lang.String,java.lang.String)[pri:3, instance:testScenario.Global_IT@73db4768]" started-at="2024-04-03T08:33:43 IST" name="validateApps" data-provider="titles" finished-at="2024-04-03T08:33:43 IST" duration-ms="1" status="PASS">
          <params>
            <param index="0">
              <value>
                <![CDATA[One Drive]]>
              </value>
            </param>
            <param index="1">
              <value>
                <![CDATA[One Drive]]>
              </value>
            </param>
          </params>
          <reporter-output>
          </reporter-output>
        </test-method> <!-- validateApps -->
        <test-method is-config="true" signature="getResult(org.testng.ITestResult)[pri:0, instance:testScenario.Global_IT@73db4768]" started-at="2024-04-03T08:33:43 IST" name="getResult" finished-at="2024-04-03T08:33:43 IST" duration-ms="350" status="PASS">
          <params>
            <param index="0">
              <value>
                <![CDATA[[TestResult name=validateApps status=SUCCESS method=Global_IT.validateApps(java.lang.String,java.lang.String)[pri:3, instance:testScenario.Global_IT@73db4768] output={null}]]]>
              </value>
            </param>
          </params>
          <reporter-output>
          </reporter-output>
        </test-method> <!-- getResult -->
        <test-method is-config="true" signature="endReport()[pri:0, instance:testScenario.Global_IT@73db4768]" started-at="2024-04-03T08:33:43 IST" name="endReport" finished-at="2024-04-03T08:33:43 IST" depends-on-methods="testScenario.Global_IT.getResult" duration-ms="6" status="PASS">
          <reporter-output>
          </reporter-output>
        </test-method> <!-- endReport -->
        <test-method signature="validateApps(java.lang.String,java.lang.String)[pri:3, instance:testScenario.Global_IT@73db4768]" started-at="2024-04-03T08:33:43 IST" name="validateApps" data-provider="titles" finished-at="2024-04-03T08:33:43 IST" duration-ms="1" status="PASS">
          <params>
            <param index="0">
              <value>
                <![CDATA[Global IT Internal Events]]>
              </value>
            </param>
            <param index="1">
              <value>
                <![CDATA[Global IT Internal Events]]>
              </value>
            </param>
          </params>
          <reporter-output>
          </reporter-output>
        </test-method> <!-- validateApps -->
        <test-method is-config="true" signature="getResult(org.testng.ITestResult)[pri:0, instance:testScenario.Global_IT@73db4768]" started-at="2024-04-03T08:33:43 IST" name="getResult" finished-at="2024-04-03T08:33:43 IST" duration-ms="205" status="PASS">
          <params>
            <param index="0">
              <value>
                <![CDATA[[TestResult name=validateApps status=SUCCESS method=Global_IT.validateApps(java.lang.String,java.lang.String)[pri:3, instance:testScenario.Global_IT@73db4768] output={null}]]]>
              </value>
            </param>
          </params>
          <reporter-output>
          </reporter-output>
        </test-method> <!-- getResult -->
        <test-method is-config="true" signature="endReport()[pri:0, instance:testScenario.Global_IT@73db4768]" started-at="2024-04-03T08:33:43 IST" name="endReport" finished-at="2024-04-03T08:33:43 IST" depends-on-methods="testScenario.Global_IT.getResult" duration-ms="6" status="PASS">
          <reporter-output>
          </reporter-output>
        </test-method> <!-- endReport -->
        <test-method signature="validateApps(java.lang.String,java.lang.String)[pri:3, instance:testScenario.Global_IT@73db4768]" started-at="2024-04-03T08:33:43 IST" name="validateApps" data-provider="titles" finished-at="2024-04-03T08:33:43 IST" duration-ms="2" status="PASS">
          <params>
            <param index="0">
              <value>
                <![CDATA[Global Information Technology Documents]]>
              </value>
            </param>
            <param index="1">
              <value>
                <![CDATA[S&T Policy Hub]]>
              </value>
            </param>
          </params>
          <reporter-output>
          </reporter-output>
        </test-method> <!-- validateApps -->
        <test-method is-config="true" signature="getResult(org.testng.ITestResult)[pri:0, instance:testScenario.Global_IT@73db4768]" started-at="2024-04-03T08:33:43 IST" name="getResult" finished-at="2024-04-03T08:33:43 IST" duration-ms="229" status="PASS">
          <params>
            <param index="0">
              <value>
                <![CDATA[[TestResult name=validateApps status=SUCCESS method=Global_IT.validateApps(java.lang.String,java.lang.String)[pri:3, instance:testScenario.Global_IT@73db4768] output={null}]]]>
              </value>
            </param>
          </params>
          <reporter-output>
          </reporter-output>
        </test-method> <!-- getResult -->
        <test-method is-config="true" signature="endReport()[pri:0, instance:testScenario.Global_IT@73db4768]" started-at="2024-04-03T08:33:43 IST" name="endReport" finished-at="2024-04-03T08:33:43 IST" depends-on-methods="testScenario.Global_IT.getResult" duration-ms="21" status="PASS">
          <reporter-output>
          </reporter-output>
        </test-method> <!-- endReport -->
        <test-method signature="verifyNewsAvailability()[pri:4, instance:testScenario.Global_IT@73db4768]" started-at="2024-04-03T08:33:43 IST" name="verifyNewsAvailability" finished-at="2024-04-03T08:33:44 IST" duration-ms="996" status="PASS">
          <reporter-output>
          </reporter-output>
        </test-method> <!-- verifyNewsAvailability -->
        <test-method is-config="true" signature="getResult(org.testng.ITestResult)[pri:0, instance:testScenario.Global_IT@73db4768]" started-at="2024-04-03T08:33:44 IST" name="getResult" finished-at="2024-04-03T08:33:45 IST" duration-ms="314" status="PASS">
          <params>
            <param index="0">
              <value>
                <![CDATA[[TestResult name=verifyNewsAvailability status=SUCCESS method=Global_IT.verifyNewsAvailability()[pri:4, instance:testScenario.Global_IT@73db4768] output={null}]]]>
              </value>
            </param>
          </params>
          <reporter-output>
          </reporter-output>
        </test-method> <!-- getResult -->
        <test-method is-config="true" signature="endReport()[pri:0, instance:testScenario.Global_IT@73db4768]" started-at="2024-04-03T08:33:45 IST" name="endReport" finished-at="2024-04-03T08:33:45 IST" depends-on-methods="testScenario.Global_IT.getResult" duration-ms="6" status="PASS">
          <reporter-output>
          </reporter-output>
        </test-method> <!-- endReport -->
        <test-method signature="verifyAwardsAvailability()[pri:5, instance:testScenario.Global_IT@73db4768]" started-at="2024-04-03T08:33:45 IST" name="verifyAwardsAvailability" finished-at="2024-04-03T08:33:45 IST" duration-ms="281" status="PASS">
          <reporter-output>
          </reporter-output>
        </test-method> <!-- verifyAwardsAvailability -->
        <test-method is-config="true" signature="getResult(org.testng.ITestResult)[pri:0, instance:testScenario.Global_IT@73db4768]" started-at="2024-04-03T08:33:45 IST" name="getResult" finished-at="2024-04-03T08:33:45 IST" duration-ms="160" status="PASS">
          <params>
            <param index="0">
              <value>
                <![CDATA[[TestResult name=verifyAwardsAvailability status=SUCCESS method=Global_IT.verifyAwardsAvailability()[pri:5, instance:testScenario.Global_IT@73db4768] output={null}]]]>
              </value>
            </param>
          </params>
          <reporter-output>
          </reporter-output>
        </test-method> <!-- getResult -->
        <test-method is-config="true" signature="endReport()[pri:0, instance:testScenario.Global_IT@73db4768]" started-at="2024-04-03T08:33:45 IST" name="endReport" finished-at="2024-04-03T08:33:45 IST" depends-on-methods="testScenario.Global_IT.getResult" duration-ms="16" status="PASS">
          <reporter-output>
          </reporter-output>
        </test-method> <!-- endReport -->
        <test-method signature="displayNewsCount()[pri:6, instance:testScenario.Global_IT@73db4768]" started-at="2024-04-03T08:33:45 IST" name="displayNewsCount" finished-at="2024-04-03T08:33:45 IST" duration-ms="123" status="PASS">
          <reporter-output>
          </reporter-output>
        </test-method> <!-- displayNewsCount -->
        <test-method is-config="true" signature="getResult(org.testng.ITestResult)[pri:0, instance:testScenario.Global_IT@73db4768]" started-at="2024-04-03T08:33:45 IST" name="getResult" finished-at="2024-04-03T08:33:46 IST" duration-ms="278" status="PASS">
          <params>
            <param index="0">
              <value>
                <![CDATA[[TestResult name=displayNewsCount status=SUCCESS method=Global_IT.displayNewsCount()[pri:6, instance:testScenario.Global_IT@73db4768] output={null}]]]>
              </value>
            </param>
          </params>
          <reporter-output>
          </reporter-output>
        </test-method> <!-- getResult -->
        <test-method is-config="true" signature="endReport()[pri:0, instance:testScenario.Global_IT@73db4768]" started-at="2024-04-03T08:33:46 IST" name="endReport" finished-at="2024-04-03T08:33:46 IST" depends-on-methods="testScenario.Global_IT.getResult" duration-ms="16" status="PASS">
          <reporter-output>
          </reporter-output>
        </test-method> <!-- endReport -->
        <test-method signature="validateNewsHeaderAndTooltip()[pri:7, instance:testScenario.Global_IT@73db4768]" started-at="2024-04-03T08:33:46 IST" name="validateNewsHeaderAndTooltip" finished-at="2024-04-03T08:33:46 IST" duration-ms="451" status="PASS">
          <reporter-output>
          </reporter-output>
        </test-method> <!-- validateNewsHeaderAndTooltip -->
        <test-method is-config="true" signature="getResult(org.testng.ITestResult)[pri:0, instance:testScenario.Global_IT@73db4768]" started-at="2024-04-03T08:33:46 IST" name="getResult" finished-at="2024-04-03T08:33:46 IST" duration-ms="305" status="PASS">
          <params>
            <param index="0">
              <value>
                <![CDATA[[TestResult name=validateNewsHeaderAndTooltip status=SUCCESS method=Global_IT.validateNewsHeaderAndTooltip()[pri:7, instance:testScenario.Global_IT@73db4768] output={null}]]]>
              </value>
            </param>
          </params>
          <reporter-output>
          </reporter-output>
        </test-method> <!-- getResult -->
        <test-method is-config="true" signature="endReport()[pri:0, instance:testScenario.Global_IT@73db4768]" started-at="2024-04-03T08:33:46 IST" name="endReport" finished-at="2024-04-03T08:33:46 IST" depends-on-methods="testScenario.Global_IT.getResult" duration-ms="7" status="PASS">
          <reporter-output>
          </reporter-output>
        </test-method> <!-- endReport -->
        <test-method signature="displayAwards(java.lang.String)[pri:8, instance:testScenario.Global_IT@73db4768]" started-at="2024-04-03T08:33:46 IST" name="displayAwards" data-provider="awards" finished-at="2024-04-03T08:34:02 IST" duration-ms="15607" status="PASS">
          <params>
            <param index="0">
              <value>
                <![CDATA[Rishabh Raj becomes EC Council Disaster Recovery Professional]]>
              </value>
            </param>
          </params>
          <reporter-output>
          </reporter-output>
        </test-method> <!-- displayAwards -->
        <test-method is-config="true" signature="getResult(org.testng.ITestResult)[pri:0, instance:testScenario.Global_IT@73db4768]" started-at="2024-04-03T08:34:02 IST" name="getResult" finished-at="2024-04-03T08:34:02 IST" duration-ms="202" status="PASS">
          <params>
            <param index="0">
              <value>
                <![CDATA[[TestResult name=displayAwards status=SUCCESS method=Global_IT.displayAwards(java.lang.String)[pri:8, instance:testScenario.Global_IT@73db4768] output={null}]]]>
              </value>
            </param>
          </params>
          <reporter-output>
          </reporter-output>
        </test-method> <!-- getResult -->
        <test-method is-config="true" signature="endReport()[pri:0, instance:testScenario.Global_IT@73db4768]" started-at="2024-04-03T08:34:02 IST" name="endReport" finished-at="2024-04-03T08:34:02 IST" depends-on-methods="testScenario.Global_IT.getResult" duration-ms="24" status="PASS">
          <reporter-output>
          </reporter-output>
        </test-method> <!-- endReport -->
        <test-method signature="displayAwards(java.lang.String)[pri:8, instance:testScenario.Global_IT@73db4768]" started-at="2024-04-03T08:34:02 IST" name="displayAwards" data-provider="awards" finished-at="2024-04-03T08:34:19 IST" duration-ms="16477" status="PASS">
          <params>
            <param index="0">
              <value>
                <![CDATA[IT Team Wins Two Awards at the DevOps India Summit 2023]]>
              </value>
            </param>
          </params>
          <reporter-output>
          </reporter-output>
        </test-method> <!-- displayAwards -->
        <test-method is-config="true" signature="getResult(org.testng.ITestResult)[pri:0, instance:testScenario.Global_IT@73db4768]" started-at="2024-04-03T08:34:19 IST" name="getResult" finished-at="2024-04-03T08:34:19 IST" duration-ms="186" status="PASS">
          <params>
            <param index="0">
              <value>
                <![CDATA[[TestResult name=displayAwards status=SUCCESS method=Global_IT.displayAwards(java.lang.String)[pri:8, instance:testScenario.Global_IT@73db4768] output={null}]]]>
              </value>
            </param>
          </params>
          <reporter-output>
          </reporter-output>
        </test-method> <!-- getResult -->
        <test-method is-config="true" signature="endReport()[pri:0, instance:testScenario.Global_IT@73db4768]" started-at="2024-04-03T08:34:19 IST" name="endReport" finished-at="2024-04-03T08:34:19 IST" depends-on-methods="testScenario.Global_IT.getResult" duration-ms="22" status="PASS">
          <reporter-output>
          </reporter-output>
        </test-method> <!-- endReport -->
        <test-method signature="displayAwards(java.lang.String)[pri:8, instance:testScenario.Global_IT@73db4768]" started-at="2024-04-03T08:34:19 IST" name="displayAwards" data-provider="awards" finished-at="2024-04-03T08:34:35 IST" duration-ms="16324" status="PASS">
          <params>
            <param index="0">
              <value>
                <![CDATA[CInsights Wins the Prestigious Brandon Hall Award]]>
              </value>
            </param>
          </params>
          <reporter-output>
          </reporter-output>
        </test-method> <!-- displayAwards -->
        <test-method is-config="true" signature="getResult(org.testng.ITestResult)[pri:0, instance:testScenario.Global_IT@73db4768]" started-at="2024-04-03T08:34:35 IST" name="getResult" finished-at="2024-04-03T08:34:35 IST" duration-ms="190" status="PASS">
          <params>
            <param index="0">
              <value>
                <![CDATA[[TestResult name=displayAwards status=SUCCESS method=Global_IT.displayAwards(java.lang.String)[pri:8, instance:testScenario.Global_IT@73db4768] output={null}]]]>
              </value>
            </param>
          </params>
          <reporter-output>
          </reporter-output>
        </test-method> <!-- getResult -->
        <test-method is-config="true" signature="endReport()[pri:0, instance:testScenario.Global_IT@73db4768]" started-at="2024-04-03T08:34:35 IST" name="endReport" finished-at="2024-04-03T08:34:35 IST" depends-on-methods="testScenario.Global_IT.getResult" duration-ms="14" status="PASS">
          <reporter-output>
          </reporter-output>
        </test-method> <!-- endReport -->
        <test-method is-config="true" signature="closeBrowser()[pri:0, instance:testScenario.Global_IT@73db4768]" started-at="2024-04-03T08:34:35 IST" name="closeBrowser" finished-at="2024-04-03T08:34:47 IST" duration-ms="11249" status="PASS">
          <reporter-output>
          </reporter-output>
        </test-method> <!-- closeBrowser -->
      </class> <!-- testScenario.Global_IT -->
    </test> <!-- Test search in Edge -->
  </suite> <!-- Suite -->
</testng-results>
